# JRE version: OpenJDK Runtime Environment Temurin-17.0.10+7 (17.0.10+7) (build 17.0.10+7)
# Java VM: OpenJDK 64-Bit Server VM Temurin-17.0.10+7 (17.0.10+7, mixed mode, emulated-client, tiered, compressed oops, compressed class ptrs, g1 gc, windows-amd64)
GC Precious Log:
 CPUs: 8 total, 8 available
 Memory: 16339M
 Large Page Support: Disabled
 NUMA Support: Disabled
 Compressed Oops: Enabled (Zero based)
 Heap Region Size: 2M
 Heap Min Capacity: 8M
 Heap Initial Capacity: 256M
 Heap Max Capacity: 4086M
 Pre-touch: Disabled
 Parallel Workers: 8
 Concurrent Workers: 2
 Concurrent Refinement Workers: 8
 Periodic GC: Disabled
Heap:
 garbage-first heap   total 137216K, used 105515K [0x0000000700a00000, 0x0000000800000000)
  region size 2048K, 30 young (61440K), 3 survivors (6144K)
 Metaspace       used 67420K, committed 68096K, reserved 1114112K
  class space    used 8582K, committed 8896K, reserved 1048576K
GC Heap History (20 events):
Event: 2540.564 GC heap after
{Heap after GC invocations=633 (full 13):
 garbage-first heap   total 137216K, used 49908K [0x0000000700a00000, 0x0000000800000000)
  region size 2048K, 2 young (4096K), 2 survivors (4096K)
 Metaspace       used 67420K, committed 68096K, reserved 1114112K
  class space    used 8582K, committed 8896K, reserved 1048576K
}
Event: 2542.877 GC heap before
{Heap before GC invocations=633 (full 13):
 garbage-first heap   total 137216K, used 103156K [0x0000000700a00000, 0x0000000800000000)
  region size 2048K, 28 young (57344K), 2 survivors (4096K)
 Metaspace       used 67420K, committed 68096K, reserved 1114112K
  class space    used 8582K, committed 8896K, reserved 1048576K
}
Event: 2542.879 GC heap after
{Heap after GC invocations=634 (full 13):
 garbage-first heap   total 137216K, used 50886K [0x0000000700a00000, 0x0000000800000000)
  region size 2048K, 3 young (6144K), 3 survivors (6144K)
 Metaspace       used 67420K, committed 68096K, reserved 1114112K
  class space    used 8582K, committed 8896K, reserved 1048576K
}
Event: 2545.033 GC heap before
{Heap before GC invocations=634 (full 13):
 garbage-first heap   total 137216K, used 102086K [0x0000000700a00000, 0x0000000800000000)
  region size 2048K, 28 young (57344K), 3 survivors (6144K)
 Metaspace       used 67420K, committed 68096K, reserved 1114112K
  class space    used 8582K, committed 8896K, reserved 1048576K
}
Event: 2545.034 GC heap after
{Heap after GC invocations=635 (full 13):
 garbage-first heap   total 137216K, used 49582K [0x0000000700a00000, 0x0000000800000000)
  region size 2048K, 2 young (4096K), 2 survivors (4096K)
 Metaspace       used 67420K, committed 68096K, reserved 1114112K
  class space    used 8582K, committed 8896K, reserved 1048576K
}
Event: 2547.497 GC heap before
{Heap before GC invocations=635 (full 13):
 garbage-first heap   total 137216K, used 104878K [0x0000000700a00000, 0x0000000800000000)
  region size 2048K, 29 young (59392K), 2 survivors (4096K)
 Metaspace       used 67420K, committed 68096K, reserved 1114112K
  class space    used 8582K, committed 8896K, reserved 1048576K
}
Event: 2547.499 GC heap after
{Heap after GC invocations=636 (full 13):
 garbage-first heap   total 137216K, used 49659K [0x0000000700a00000, 0x0000000800000000)
  region size 2048K, 2 young (4096K), 2 survivors (4096K)
 Metaspace       used 67420K, committed 68096K, reserved 1114112K
  class space    used 8582K, committed 8896K, reserved 1048576K
}
Event: 2549.964 GC heap before
{Heap before GC invocations=636 (full 13):
 garbage-first heap   total 137216K, used 104955K [0x0000000700a00000, 0x0000000800000000)
  region size 2048K, 29 young (59392K), 2 survivors (4096K)
 Metaspace       used 67420K, committed 68096K, reserved 1114112K
  class space    used 8582K, committed 8896K, reserved 1048576K
}
Event: 2549.966 GC heap after
{Heap after GC invocations=637 (full 13):
 garbage-first heap   total 137216K, used 51705K [0x0000000700a00000, 0x0000000800000000)
  region size 2048K, 3 young (6144K), 3 survivors (6144K)
 Metaspace       used 67420K, committed 68096K, reserved 1114112K
  class space    used 8582K, committed 8896K, reserved 1048576K
}
Event: 2552.187 GC heap before
{Heap before GC invocations=637 (full 13):
 garbage-first heap   total 137216K, used 102905K [0x0000000700a00000, 0x0000000800000000)
  region size 2048K, 28 young (57344K), 3 survivors (6144K)
 Metaspace       used 67420K, committed 68096K, reserved 1114112K
  class space    used 8582K, committed 8896K, reserved 1048576K
}
Event: 2552.189 GC heap after
{Heap after GC invocations=638 (full 13):
 garbage-first heap   total 137216K, used 50386K [0x0000000700a00000, 0x0000000800000000)
  region size 2048K, 2 young (4096K), 2 survivors (4096K)
 Metaspace       used 67420K, committed 68096K, reserved 1114112K
  class space    used 8582K, committed 8896K, reserved 1048576K
}
Event: 2554.495 GC heap before
{Heap before GC invocations=638 (full 13):
 garbage-first heap   total 137216K, used 103634K [0x0000000700a00000, 0x0000000800000000)
  region size 2048K, 28 young (57344K), 2 survivors (4096K)
 Metaspace       used 67420K, committed 68096K, reserved 1114112K
  class space    used 8582K, committed 8896K, reserved 1048576K
}
Event: 2554.496 GC heap after
{Heap after GC invocations=639 (full 13):
 garbage-first heap   total 137216K, used 50654K [0x0000000700a00000, 0x0000000800000000)
  region size 2048K, 3 young (6144K), 3 survivors (6144K)
 Metaspace       used 67420K, committed 68096K, reserved 1114112K
  class space    used 8582K, committed 8896K, reserved 1048576K
}
Event: 2556.727 GC heap before
{Heap before GC invocations=639 (full 13):
 garbage-first heap   total 137216K, used 101854K [0x0000000700a00000, 0x0000000800000000)
  region size 2048K, 28 young (57344K), 3 survivors (6144K)
 Metaspace       used 67420K, committed 68096K, reserved 1114112K
  class space    used 8582K, committed 8896K, reserved 1048576K
}
Event: 2556.728 GC heap after
{Heap after GC invocations=640 (full 13):
 garbage-first heap   total 137216K, used 50369K [0x0000000700a00000, 0x0000000800000000)
  region size 2048K, 2 young (4096K), 2 survivors (4096K)
 Metaspace       used 67420K, committed 68096K, reserved 1114112K
  class space    used 8582K, committed 8896K, reserved 1048576K
}
Event: 2559.143 GC heap before
{Heap before GC invocations=640 (full 13):
 garbage-first heap   total 137216K, used 105665K [0x0000000700a00000, 0x0000000800000000)
  region size 2048K, 29 young (59392K), 2 survivors (4096K)
 Metaspace       used 67420K, committed 68096K, reserved 1114112K
  class space    used 8582K, committed 8896K, reserved 1048576K
}
Event: 2559.144 GC heap after
{Heap after GC invocations=641 (full 13):
 garbage-first heap   total 137216K, used 51573K [0x0000000700a00000, 0x0000000800000000)
  region size 2048K, 3 young (6144K), 3 survivors (6144K)
 Metaspace       used 67420K, committed 68096K, reserved 1114112K
  class space    used 8582K, committed 8896K, reserved 1048576K
}
Event: 2561.369 GC heap before
{Heap before GC invocations=641 (full 13):
 garbage-first heap   total 137216K, used 102773K [0x0000000700a00000, 0x0000000800000000)
  region size 2048K, 28 young (57344K), 3 survivors (6144K)
 Metaspace       used 67420K, committed 68096K, reserved 1114112K
  class space    used 8582K, committed 8896K, reserved 1048576K
}
Event: 2561.371 GC heap after
{Heap after GC invocations=642 (full 13):
 garbage-first heap   total 137216K, used 50219K [0x0000000700a00000, 0x0000000800000000)
  region size 2048K, 2 young (4096K), 2 survivors (4096K)
 Metaspace       used 67420K, committed 68096K, reserved 1114112K
  class space    used 8582K, committed 8896K, reserved 1048576K
}
Event: 2563.906 GC heap before
{Heap before GC invocations=642 (full 13):
 garbage-first heap   total 137216K, used 105515K [0x0000000700a00000, 0x0000000800000000)
  region size 2048K, 29 young (59392K), 2 survivors (4096K)
 Metaspace       used 67420K, committed 68096K, reserved 1114112K
  class space    used 8582K, committed 8896K, reserved 1048576K
}

